\BOOKMARK [0][-]{chapter.1}{\376\377\000I\000n\000d\000i\000c\000e\000s\000\040\000a\000n\000d\000\040\000t\000a\000b\000l\000e\000s}{}% 1
\BOOKMARK [0][-]{chapter.2}{\376\377\000I\000n\000t\000r\000o\000d\000u\000c\000t\000i\000o\000n}{}% 2
\BOOKMARK [1][-]{section.2.1}{\376\377\000N\000o\000t\000e\000\040\000o\000n\000\040\000v\000e\000r\000s\000i\000o\000n\000s}{chapter.2}% 3
\BOOKMARK [0][-]{chapter.3}{\376\377\000P\000r\000o\000c\000e\000s\000s\000i\000n\000g\000\040\000l\000e\000v\000e\000l\000s}{}% 4
\BOOKMARK [0][-]{chapter.4}{\376\377\000M\000a\000r\000i\000n\000e\000\040\000f\000i\000l\000e\000\040\000s\000y\000s\000t\000e\000m}{}% 5
\BOOKMARK [0][-]{chapter.5}{\376\377\000T\000o\000o\000l\000\040\000s\000e\000t\000-\000u\000p}{}% 6
\BOOKMARK [1][-]{section.5.1}{\376\377\000C\000o\000d\000e\000\040\000r\000e\000p\000o\000s\000i\000t\000o\000r\000y}{chapter.5}% 7
\BOOKMARK [1][-]{section.5.2}{\376\377\000S\000e\000t\000t\000i\000n\000g\000\040\000p\000a\000t\000h\000s\000\040\000a\000n\000d\000\040\000e\000n\000v\000i\000r\000o\000n\000m\000e\000n\000t\000s}{chapter.5}% 8
\BOOKMARK [1][-]{section.5.3}{\376\377\000A\000d\000d\000i\000n\000g\000\040\000m\000o\000d\000u\000l\000e\000s}{chapter.5}% 9
\BOOKMARK [0][-]{chapter.6}{\376\377\000C\000o\000m\000m\000o\000n\000\040\000p\000a\000t\000h\000s}{}% 10
\BOOKMARK [0][-]{chapter.7}{\376\377\000I\000n\000i\000t\000i\000a\000l\000i\000z\000i\000n\000g\000\040\000a\000\040\000n\000e\000w\000\040\000d\000a\000t\000a\000\040\000r\000e\000l\000e\000a\000s\000e}{}% 11
\BOOKMARK [1][-]{section.7.1}{\376\377\000C\000o\000n\000f\000i\000g\000u\000r\000a\000t\000i\000o\000n\000\040\000r\000e\000p\000o\000s\000i\000t\000o\000r\000y}{chapter.7}% 12
\BOOKMARK [1][-]{section.7.2}{\376\377\000C\000r\000e\000a\000t\000e\000\040\000t\000h\000e\000\040\000c\000o\000n\000f\000i\000g\000u\000r\000a\000t\000i\000o\000n\000\040\000f\000i\000l\000e\000s\000\040\000f\000o\000r\000\040\000t\000h\000e\000\040\000r\000e\000l\000e\000a\000s\000e\000\040\000a\000n\000d\000\040\000d\000a\000t\000a\000s\000e\000t}{chapter.7}% 13
\BOOKMARK [2][-]{subsection.7.2.1}{\376\377\000R\000e\000l\000e\000a\000s\000e\000\040\000p\000e\000r\000i\000o\000d\000s\000\040\000f\000i\000l\000e}{section.7.2}% 14
\BOOKMARK [2][-]{subsection.7.2.2}{\376\377\000P\000r\000o\000c\000e\000s\000s\000\040\000l\000i\000s\000t\000\040\000f\000i\000l\000e}{section.7.2}% 15
\BOOKMARK [2][-]{subsection.7.2.3}{\376\377\000L\000e\000v\000e\000l\000\040\0001\000a\000\040\000c\000o\000n\000f\000i\000g\000u\000r\000a\000t\000i\000o\000n\000\040\000f\000i\000l\000e}{section.7.2}% 16
\BOOKMARK [2][-]{subsection.7.2.4}{\376\377\000L\000e\000v\000e\000l\000\040\0001\000b\000\040\000c\000o\000n\000f\000i\000g\000u\000r\000a\000t\000i\000o\000n\000\040\000f\000i\000l\000e}{section.7.2}% 17
\BOOKMARK [2][-]{subsection.7.2.5}{\376\377\000L\000e\000v\000e\000l\000\040\0001\000c\000\040\000c\000o\000n\000f\000i\000g\000u\000r\000a\000t\000i\000o\000n\000\040\000f\000i\000l\000e}{section.7.2}% 18
\BOOKMARK [2][-]{subsection.7.2.6}{\376\377\000L\000e\000v\000e\000l\000\040\0001\000d\000\040\000c\000o\000n\000f\000i\000g\000u\000r\000a\000t\000i\000o\000n\000\040\000f\000i\000l\000e}{section.7.2}% 19
\BOOKMARK [2][-]{subsection.7.2.7}{\376\377\000L\000e\000v\000e\000l\000\040\0001\000e\000\040\000c\000o\000n\000f\000i\000g\000u\000r\000a\000t\000i\000o\000n\000\040\000f\000i\000l\000e}{section.7.2}% 20
\BOOKMARK [1][-]{section.7.3}{\376\377\000S\000e\000t\000\040\000u\000p\000\040\000t\000h\000e\000\040\000r\000e\000l\000e\000a\000s\000e\000\040\000d\000a\000t\000a\000\040\000d\000i\000r\000e\000c\000t\000o\000r\000y}{chapter.7}% 21
\BOOKMARK [0][-]{chapter.8}{\376\377\000L\000e\000v\000e\000l\000\040\0001\000a}{}% 22
\BOOKMARK [0][-]{chapter.9}{\376\377\000L\000e\000v\000e\000l\000\040\0001\000b}{}% 23
\BOOKMARK [0][-]{chapter.10}{\376\377\000L\000e\000v\000e\000l\000\040\0001\000c}{}% 24
\BOOKMARK [0][-]{chapter.11}{\376\377\000L\000e\000v\000e\000l\000\040\0001\000d}{}% 25
\BOOKMARK [0][-]{chapter.12}{\376\377\000L\000e\000v\000e\000l\000\040\0001\000e}{}% 26
\BOOKMARK [0][-]{chapter.13}{\376\377\000L\000e\000v\000e\000l\000\040\0002}{}% 27
